android/app/build/intermediates/manifest_merge_blame_file/debug/processDebugMainManifest/manifest-merger-blame-debug-report.txt
1<?xml version="1.0" encoding="utf-8"?>
2<manifest xmlns:android="http://schemas.android.com/apk/res/android"
3    package="com.example.credit_app"
4    android:versionCode="1"
5    android:versionName="1.0.0" >
6
7    <uses-sdk
8        android:minSdkVersion="21"
9        android:targetSdkVersion="35" />
10    <!--
11         The INTERNET permission is required for development. Specifically,
12         the Flutter tool needs it to communicate with the running application
13         to allow setting breakpoints, to provide hot reload, etc.
14    -->
15    <uses-permission android:name="android.permission.INTERNET" />
15-->src\debug\AndroidManifest.xml:6:5-66
15-->src\debug\AndroidManifest.xml:6:22-64
16
17    <uses-feature
17-->src\main\AndroidManifest.xml:3:5-5:36
18        android:name="android.hardware.camera"
18-->src\main\AndroidManifest.xml:4:9-47
19        android:required="false" />
19-->src\main\AndroidManifest.xml:5:9-33
20
21    <uses-permission android:name="android.permission.READ_EXTERNAL_STORAGE" />
21-->src\main\AndroidManifest.xml:7:5-79
21-->src\main\AndroidManifest.xml:7:22-77
22    <uses-permission android:name="android.permission.CAMERA" />
22-->src\main\AndroidManifest.xml:8:5-64
22-->src\main\AndroidManifest.xml:8:22-62
23    <uses-permission
23-->src\main\AndroidManifest.xml:9:5-108
24        android:name="android.permission.WRITE_EXTERNAL_STORAGE"
24-->src\main\AndroidManifest.xml:9:22-78
25        android:maxSdkVersion="28" />
25-->src\main\AndroidManifest.xml:9:79-105
26    <uses-permission android:name="android.permission.READ_MEDIA_IMAGES" />
26-->src\main\AndroidManifest.xml:10:5-76
26-->src\main\AndroidManifest.xml:10:22-73
27    <uses-permission android:name="android.permission.READ_MEDIA_VIDEO" />
27-->src\main\AndroidManifest.xml:11:5-75
27-->src\main\AndroidManifest.xml:11:22-72
28    <!--
29 Required to query activities that can process text, see:
30         https://developer.android.com/training/package-visibility and
31         https://developer.android.com/reference/android/content/Intent#ACTION_PROCESS_TEXT.
32
33         In particular, this is used by the Flutter engine in io.flutter.plugin.text.ProcessTextPlugin.
34    -->
35    <queries>
35-->src\main\AndroidManifest.xml:50:5-55:15
36        <intent>
36-->src\main\AndroidManifest.xml:51:9-54:18
37            <action android:name="android.intent.action.PROCESS_TEXT" />
37-->src\main\AndroidManifest.xml:52:13-72
37-->src\main\AndroidManifest.xml:52:21-70
38
39            <data android:mimeType="text/plain" />
39-->src\main\AndroidManifest.xml:53:13-50
39-->src\main\AndroidManifest.xml:53:19-48
40        </intent>
41    </queries>
42
43    <uses-permission android:name="android.permission.WAKE_LOCK" />
43-->[:firebase_messaging] AndroidManifest.xml:8:5-68
43-->[:firebase_messaging] AndroidManifest.xml:8:22-65
44    <uses-permission android:name="android.permission.ACCESS_NETWORK_STATE" /> <!-- Permissions options for the `notification` group -->
44-->[:firebase_messaging] AndroidManifest.xml:9:5-79
44-->[:firebase_messaging] AndroidManifest.xml:9:22-76
45    <uses-permission android:name="android.permission.POST_NOTIFICATIONS" /> <!-- Required by older versions of Google Play services to create IID tokens -->
45-->[:firebase_messaging] AndroidManifest.xml:11:5-77
45-->[:firebase_messaging] AndroidManifest.xml:11:22-74
46    <uses-permission android:name="com.google.android.c2dm.permission.RECEIVE" />
46-->[com.google.firebase:firebase-messaging:24.1.1] AndroidManifest.xml:26:5-82
46-->[com.google.firebase:firebase-messaging:24.1.1] AndroidManifest.xml:26:22-79
47
48    <permission
48-->[androidx.core:core:1.13.1] AndroidManifest.xml:22:5-24:47
49        android:name="com.example.credit_app.DYNAMIC_RECEIVER_NOT_EXPORTED_PERMISSION"
49-->[androidx.core:core:1.13.1] AndroidManifest.xml:23:9-81
50        android:protectionLevel="signature" />
50-->[androidx.core:core:1.13.1] AndroidManifest.xml:24:9-44
51
52    <uses-permission android:name="com.example.credit_app.DYNAMIC_RECEIVER_NOT_EXPORTED_PERMISSION" />
52-->[androidx.core:core:1.13.1] AndroidManifest.xml:26:5-97
52-->[androidx.core:core:1.13.1] AndroidManifest.xml:26:22-94
53
54    <application
55        android:name="android.app.Application"
56        android:appComponentFactory="androidx.core.app.CoreComponentFactory"
56-->[androidx.core:core:1.13.1] AndroidManifest.xml:28:18-86
57        android:debuggable="true"
58        android:extractNativeLibs="true"
59        android:icon="@mipmap/ic_launcher"
60        android:label="Credit App"
61        android:usesCleartextTraffic="true" >
62        <activity
63            android:name="com.example.credit_app.MainActivity"
64            android:configChanges="orientation|keyboardHidden|keyboard|screenSize|smallestScreenSize|locale|layoutDirection|fontScale|screenLayout|density|uiMode"
65            android:exported="true"
66            android:hardwareAccelerated="true"
67            android:launchMode="singleTop"
68            android:taskAffinity=""
69            android:theme="@style/LaunchTheme"
70            android:windowSoftInputMode="adjustResize" >
71
72            <!--
73                 Specifies an Android theme to apply to this Activity as soon as
74                 the Android process has started. This theme is visible to the user
75                 while the Flutter UI initializes. After that, this theme continues
76                 to determine the Window background behind the Flutter UI.
77            -->
78            <meta-data
79                android:name="io.flutter.embedding.android.NormalTheme"
80                android:resource="@style/NormalTheme" />
81
82            <intent-filter>
83                <action android:name="android.intent.action.MAIN" />
84
85                <category android:name="android.intent.category.LAUNCHER" />
86            </intent-filter>
87        </activity>
88        <!--
89             Don't delete the meta-data below.
90             This is used by the Flutter tool to generate GeneratedPluginRegistrant.java
91        -->
92        <meta-data
93            android:name="flutterEmbedding"
94            android:value="2" />
95
96        <service
96-->[:cloud_firestore] AndroidManifest.xml:8:9-12:19
97            android:name="com.google.firebase.components.ComponentDiscoveryService"
97-->[:cloud_firestore] AndroidManifest.xml:8:18-89
98            android:directBootAware="true"
98-->[com.google.firebase:firebase-common:21.0.0] AndroidManifest.xml:32:13-43
99            android:exported="false" >
99-->[com.google.firebase:firebase-firestore:25.1.3] AndroidManifest.xml:16:13-37
100            <meta-data
100-->[:cloud_firestore] AndroidManifest.xml:9:13-11:85
101                android:name="com.google.firebase.components:io.flutter.plugins.firebase.firestore.FlutterFirebaseFirestoreRegistrar"
101-->[:cloud_firestore] AndroidManifest.xml:10:17-134
102                android:value="com.google.firebase.components.ComponentRegistrar" />
102-->[:cloud_firestore] AndroidManifest.xml:11:17-82
103            <meta-data
103-->[:firebase_messaging] AndroidManifest.xml:36:13-38:85
104                android:name="com.google.firebase.components:io.flutter.plugins.firebase.messaging.FlutterFirebaseAppRegistrar"
104-->[:firebase_messaging] AndroidManifest.xml:37:17-128
105                android:value="com.google.firebase.components.ComponentRegistrar" />
105-->[:firebase_messaging] AndroidManifest.xml:38:17-82
106            <meta-data
106-->[:firebase_storage] AndroidManifest.xml:9:13-11:85
107                android:name="com.google.firebase.components:io.flutter.plugins.firebase.storage.FlutterFirebaseAppRegistrar"
107-->[:firebase_storage] AndroidManifest.xml:10:17-126
108                android:value="com.google.firebase.components.ComponentRegistrar" />
108-->[:firebase_storage] AndroidManifest.xml:11:17-82
109            <meta-data
109-->[:firebase_core] AndroidManifest.xml:9:13-11:85
110                android:name="com.google.firebase.components:io.flutter.plugins.firebase.core.FlutterFirebaseCoreRegistrar"
110-->[:firebase_core] AndroidManifest.xml:10:17-124
111                android:value="com.google.firebase.components.ComponentRegistrar" />
111-->[:firebase_core] AndroidManifest.xml:11:17-82
112            <meta-data
112-->[com.google.firebase:firebase-firestore:25.1.3] AndroidManifest.xml:17:13-19:85
113                android:name="com.google.firebase.components:com.google.firebase.firestore.FirebaseFirestoreKtxRegistrar"
113-->[com.google.firebase:firebase-firestore:25.1.3] AndroidManifest.xml:18:17-122
114                android:value="com.google.firebase.components.ComponentRegistrar" />
114-->[com.google.firebase:firebase-firestore:25.1.3] AndroidManifest.xml:19:17-82
115            <meta-data
115-->[com.google.firebase:firebase-firestore:25.1.3] AndroidManifest.xml:20:13-22:85
116                android:name="com.google.firebase.components:com.google.firebase.firestore.FirestoreRegistrar"
116-->[com.google.firebase:firebase-firestore:25.1.3] AndroidManifest.xml:21:17-111
117                android:value="com.google.firebase.components.ComponentRegistrar" />
117-->[com.google.firebase:firebase-firestore:25.1.3] AndroidManifest.xml:22:17-82
118            <meta-data
118-->[com.google.firebase:firebase-messaging:24.1.1] AndroidManifest.xml:57:13-59:85
119                android:name="com.google.firebase.components:com.google.firebase.messaging.FirebaseMessagingKtxRegistrar"
119-->[com.google.firebase:firebase-messaging:24.1.1] AndroidManifest.xml:58:17-122
120                android:value="com.google.firebase.components.ComponentRegistrar" />
120-->[com.google.firebase:firebase-messaging:24.1.1] AndroidManifest.xml:59:17-82
121            <meta-data
121-->[com.google.firebase:firebase-messaging:24.1.1] AndroidManifest.xml:60:13-62:85
122                android:name="com.google.firebase.components:com.google.firebase.messaging.FirebaseMessagingRegistrar"
122-->[com.google.firebase:firebase-messaging:24.1.1] AndroidManifest.xml:61:17-119
123                android:value="com.google.firebase.components.ComponentRegistrar" />
123-->[com.google.firebase:firebase-messaging:24.1.1] AndroidManifest.xml:62:17-82
124            <meta-data
124-->[com.google.firebase:firebase-storage:21.0.1] AndroidManifest.xml:30:13-32:85
125                android:name="com.google.firebase.components:com.google.firebase.storage.FirebaseStorageKtxRegistrar"
125-->[com.google.firebase:firebase-storage:21.0.1] AndroidManifest.xml:31:17-118
126                android:value="com.google.firebase.components.ComponentRegistrar" />
126-->[com.google.firebase:firebase-storage:21.0.1] AndroidManifest.xml:32:17-82
127            <meta-data
127-->[com.google.firebase:firebase-storage:21.0.1] AndroidManifest.xml:33:13-35:85
128                android:name="com.google.firebase.components:com.google.firebase.storage.StorageRegistrar"
128-->[com.google.firebase:firebase-storage:21.0.1] AndroidManifest.xml:34:17-107
129                android:value="com.google.firebase.components.ComponentRegistrar" />
129-->[com.google.firebase:firebase-storage:21.0.1] AndroidManifest.xml:35:17-82
130            <meta-data
130-->[com.google.firebase:firebase-installations:18.0.0] AndroidManifest.xml:15:13-17:85
131                android:name="com.google.firebase.components:com.google.firebase.installations.FirebaseInstallationsKtxRegistrar"
131-->[com.google.firebase:firebase-installations:18.0.0] AndroidManifest.xml:16:17-130
132                android:value="com.google.firebase.components.ComponentRegistrar" />
132-->[com.google.firebase:firebase-installations:18.0.0] AndroidManifest.xml:17:17-82
133            <meta-data
133-->[com.google.firebase:firebase-installations:18.0.0] AndroidManifest.xml:18:13-20:85
134                android:name="com.google.firebase.components:com.google.firebase.installations.FirebaseInstallationsRegistrar"
134-->[com.google.firebase:firebase-installations:18.0.0] AndroidManifest.xml:19:17-127
135                android:value="com.google.firebase.components.ComponentRegistrar" />
135-->[com.google.firebase:firebase-installations:18.0.0] AndroidManifest.xml:20:17-82
136            <meta-data
136-->[com.google.firebase:firebase-appcheck:18.0.0] AndroidManifest.xml:25:13-27:85
137                android:name="com.google.firebase.components:com.google.firebase.appcheck.FirebaseAppCheckKtxRegistrar"
137-->[com.google.firebase:firebase-appcheck:18.0.0] AndroidManifest.xml:26:17-120
138                android:value="com.google.firebase.components.ComponentRegistrar" />
138-->[com.google.firebase:firebase-appcheck:18.0.0] AndroidManifest.xml:27:17-82
139            <meta-data
139-->[com.google.firebase:firebase-appcheck:18.0.0] AndroidManifest.xml:28:13-30:85
140                android:name="com.google.firebase.components:com.google.firebase.appcheck.FirebaseAppCheckRegistrar"
140-->[com.google.firebase:firebase-appcheck:18.0.0] AndroidManifest.xml:29:17-117
141                android:value="com.google.firebase.components.ComponentRegistrar" />
141-->[com.google.firebase:firebase-appcheck:18.0.0] AndroidManifest.xml:30:17-82
142            <meta-data
142-->[com.google.firebase:firebase-common-ktx:21.0.0] AndroidManifest.xml:12:13-14:85
143                android:name="com.google.firebase.components:com.google.firebase.ktx.FirebaseCommonLegacyRegistrar"
143-->[com.google.firebase:firebase-common-ktx:21.0.0] AndroidManifest.xml:13:17-116
144                android:value="com.google.firebase.components.ComponentRegistrar" />
144-->[com.google.firebase:firebase-common-ktx:21.0.0] AndroidManifest.xml:14:17-82
145            <meta-data
145-->[com.google.firebase:firebase-common:21.0.0] AndroidManifest.xml:35:13-37:85
146                android:name="com.google.firebase.components:com.google.firebase.FirebaseCommonKtxRegistrar"
146-->[com.google.firebase:firebase-common:21.0.0] AndroidManifest.xml:36:17-109
147                android:value="com.google.firebase.components.ComponentRegistrar" />
147-->[com.google.firebase:firebase-common:21.0.0] AndroidManifest.xml:37:17-82
148            <meta-data
148-->[com.google.firebase:firebase-datatransport:18.2.0] AndroidManifest.xml:25:13-27:85
149                android:name="com.google.firebase.components:com.google.firebase.datatransport.TransportRegistrar"
149-->[com.google.firebase:firebase-datatransport:18.2.0] AndroidManifest.xml:26:17-115
150                android:value="com.google.firebase.components.ComponentRegistrar" />
150-->[com.google.firebase:firebase-datatransport:18.2.0] AndroidManifest.xml:27:17-82
151        </service>
152        <service
152-->[:firebase_messaging] AndroidManifest.xml:14:9-17:72
153            android:name="io.flutter.plugins.firebase.messaging.FlutterFirebaseMessagingBackgroundService"
153-->[:firebase_messaging] AndroidManifest.xml:15:13-107
154            android:exported="false"
154-->[:firebase_messaging] AndroidManifest.xml:16:13-37
155            android:permission="android.permission.BIND_JOB_SERVICE" />
155-->[:firebase_messaging] AndroidManifest.xml:17:13-69
156        <service
156-->[:firebase_messaging] AndroidManifest.xml:18:9-24:19
157            android:name="io.flutter.plugins.firebase.messaging.FlutterFirebaseMessagingService"
157-->[:firebase_messaging] AndroidManifest.xml:19:13-97
158            android:exported="false" >
158-->[:firebase_messaging] AndroidManifest.xml:20:13-37
159            <intent-filter>
159-->[:firebase_messaging] AndroidManifest.xml:21:13-23:29
160                <action android:name="com.google.firebase.MESSAGING_EVENT" />
160-->[:firebase_messaging] AndroidManifest.xml:22:17-78
160-->[:firebase_messaging] AndroidManifest.xml:22:25-75
161            </intent-filter>
162        </service>
163
164        <receiver
164-->[:firebase_messaging] AndroidManifest.xml:26:9-33:20
165            android:name="io.flutter.plugins.firebase.messaging.FlutterFirebaseMessagingReceiver"
165-->[:firebase_messaging] AndroidManifest.xml:27:13-98
166            android:exported="true"
166-->[:firebase_messaging] AndroidManifest.xml:28:13-36
167            android:permission="com.google.android.c2dm.permission.SEND" >
167-->[:firebase_messaging] AndroidManifest.xml:29:13-73
168            <intent-filter>
168-->[:firebase_messaging] AndroidManifest.xml:30:13-32:29
169                <action android:name="com.google.android.c2dm.intent.RECEIVE" />
169-->[:firebase_messaging] AndroidManifest.xml:31:17-81
169-->[:firebase_messaging] AndroidManifest.xml:31:25-78
170            </intent-filter>
171        </receiver>
172
173        <provider
173-->[:firebase_messaging] AndroidManifest.xml:41:9-45:38
174            android:name="io.flutter.plugins.firebase.messaging.FlutterFirebaseMessagingInitProvider"
174-->[:firebase_messaging] AndroidManifest.xml:42:13-102
175            android:authorities="com.example.credit_app.flutterfirebasemessaginginitprovider"
175-->[:firebase_messaging] AndroidManifest.xml:43:13-88
176            android:exported="false"
176-->[:firebase_messaging] AndroidManifest.xml:44:13-37
177            android:initOrder="99" />
177-->[:firebase_messaging] AndroidManifest.xml:45:13-35
178
179        <receiver
179-->[com.google.firebase:firebase-messaging:24.1.1] AndroidManifest.xml:29:9-40:20
180            android:name="com.google.firebase.iid.FirebaseInstanceIdReceiver"
180-->[com.google.firebase:firebase-messaging:24.1.1] AndroidManifest.xml:30:13-78
181            android:exported="true"
181-->[com.google.firebase:firebase-messaging:24.1.1] AndroidManifest.xml:31:13-36
182            android:permission="com.google.android.c2dm.permission.SEND" >
182-->[com.google.firebase:firebase-messaging:24.1.1] AndroidManifest.xml:32:13-73
183            <intent-filter>
183-->[:firebase_messaging] AndroidManifest.xml:30:13-32:29
184                <action android:name="com.google.android.c2dm.intent.RECEIVE" />
184-->[:firebase_messaging] AndroidManifest.xml:31:17-81
184-->[:firebase_messaging] AndroidManifest.xml:31:25-78
185            </intent-filter>
186
187            <meta-data
187-->[com.google.firebase:firebase-messaging:24.1.1] AndroidManifest.xml:37:13-39:40
188                android:name="com.google.android.gms.cloudmessaging.FINISHED_AFTER_HANDLED"
188-->[com.google.firebase:firebase-messaging:24.1.1] AndroidManifest.xml:38:17-92
189                android:value="true" />
189-->[com.google.firebase:firebase-messaging:24.1.1] AndroidManifest.xml:39:17-37
190        </receiver>
191        <!--
192             FirebaseMessagingService performs security checks at runtime,
193             but set to not exported to explicitly avoid allowing another app to call it.
194        -->
195        <service
195-->[com.google.firebase:firebase-messaging:24.1.1] AndroidManifest.xml:46:9-53:19
196            android:name="com.google.firebase.messaging.FirebaseMessagingService"
196-->[com.google.firebase:firebase-messaging:24.1.1] AndroidManifest.xml:47:13-82
197            android:directBootAware="true"
197-->[com.google.firebase:firebase-messaging:24.1.1] AndroidManifest.xml:48:13-43
198            android:exported="false" >
198-->[com.google.firebase:firebase-messaging:24.1.1] AndroidManifest.xml:49:13-37
199            <intent-filter android:priority="-500" >
199-->[:firebase_messaging] AndroidManifest.xml:21:13-23:29
200                <action android:name="com.google.firebase.MESSAGING_EVENT" />
200-->[:firebase_messaging] AndroidManifest.xml:22:17-78
200-->[:firebase_messaging] AndroidManifest.xml:22:25-75
201            </intent-filter>
202        </service>
203
204        <provider
204-->[:image_picker_android] AndroidManifest.xml:9:9-17:20
205            android:name="io.flutter.plugins.imagepicker.ImagePickerFileProvider"
205-->[:image_picker_android] AndroidManifest.xml:10:13-82
206            android:authorities="com.example.credit_app.flutter.image_provider"
206-->[:image_picker_android] AndroidManifest.xml:11:13-74
207            android:exported="false"
207-->[:image_picker_android] AndroidManifest.xml:12:13-37
208            android:grantUriPermissions="true" >
208-->[:image_picker_android] AndroidManifest.xml:13:13-47
209            <meta-data
209-->[:image_picker_android] AndroidManifest.xml:14:13-16:75
210                android:name="android.support.FILE_PROVIDER_PATHS"
210-->[:image_picker_android] AndroidManifest.xml:15:17-67
211                android:resource="@xml/flutter_image_picker_file_paths" />
211-->[:image_picker_android] AndroidManifest.xml:16:17-72
212        </provider> <!-- Trigger Google Play services to install the backported photo picker module. -->
213        <service
213-->[:image_picker_android] AndroidManifest.xml:19:9-31:19
214            android:name="com.google.android.gms.metadata.ModuleDependencies"
214-->[:image_picker_android] AndroidManifest.xml:20:13-78
215            android:enabled="false"
215-->[:image_picker_android] AndroidManifest.xml:21:13-36
216            android:exported="false" >
216-->[:image_picker_android] AndroidManifest.xml:22:13-37
217            <intent-filter>
217-->[:image_picker_android] AndroidManifest.xml:24:13-26:29
218                <action android:name="com.google.android.gms.metadata.MODULE_DEPENDENCIES" />
218-->[:image_picker_android] AndroidManifest.xml:25:17-94
218-->[:image_picker_android] AndroidManifest.xml:25:25-91
219            </intent-filter>
220
221            <meta-data
221-->[:image_picker_android] AndroidManifest.xml:28:13-30:36
222                android:name="photopicker_activity:0:required"
222-->[:image_picker_android] AndroidManifest.xml:29:17-63
223                android:value="" />
223-->[:image_picker_android] AndroidManifest.xml:30:17-33
224        </service>
225
226        <provider
226-->[com.google.firebase:firebase-common:21.0.0] AndroidManifest.xml:23:9-28:39
227            android:name="com.google.firebase.provider.FirebaseInitProvider"
227-->[com.google.firebase:firebase-common:21.0.0] AndroidManifest.xml:24:13-77
228            android:authorities="com.example.credit_app.firebaseinitprovider"
228-->[com.google.firebase:firebase-common:21.0.0] AndroidManifest.xml:25:13-72
229            android:directBootAware="true"
229-->[com.google.firebase:firebase-common:21.0.0] AndroidManifest.xml:26:13-43
230            android:exported="false"
230-->[com.google.firebase:firebase-common:21.0.0] AndroidManifest.xml:27:13-37
231            android:initOrder="100" />
231-->[com.google.firebase:firebase-common:21.0.0] AndroidManifest.xml:28:13-36
232
233        <activity
233-->[com.google.android.gms:play-services-base:18.1.0] AndroidManifest.xml:20:9-22:45
234            android:name="com.google.android.gms.common.api.GoogleApiActivity"
234-->[com.google.android.gms:play-services-base:18.1.0] AndroidManifest.xml:20:19-85
235            android:exported="false"
235-->[com.google.android.gms:play-services-base:18.1.0] AndroidManifest.xml:22:19-43
236            android:theme="@android:style/Theme.Translucent.NoTitleBar" />
236-->[com.google.android.gms:play-services-base:18.1.0] AndroidManifest.xml:21:19-78
237
238        <provider
238-->[androidx.lifecycle:lifecycle-process:2.7.0] AndroidManifest.xml:24:9-32:20
239            android:name="androidx.startup.InitializationProvider"
239-->[androidx.lifecycle:lifecycle-process:2.7.0] AndroidManifest.xml:25:13-67
240            android:authorities="com.example.credit_app.androidx-startup"
240-->[androidx.lifecycle:lifecycle-process:2.7.0] AndroidManifest.xml:26:13-68
241            android:exported="false" >
241-->[androidx.lifecycle:lifecycle-process:2.7.0] AndroidManifest.xml:27:13-37
242            <meta-data
242-->[androidx.lifecycle:lifecycle-process:2.7.0] AndroidManifest.xml:29:13-31:52
243                android:name="androidx.lifecycle.ProcessLifecycleInitializer"
243-->[androidx.lifecycle:lifecycle-process:2.7.0] AndroidManifest.xml:30:17-78
244                android:value="androidx.startup" />
244-->[androidx.lifecycle:lifecycle-process:2.7.0] AndroidManifest.xml:31:17-49
245            <meta-data
245-->[androidx.profileinstaller:profileinstaller:1.3.1] AndroidManifest.xml:29:13-31:52
246                android:name="androidx.profileinstaller.ProfileInstallerInitializer"
246-->[androidx.profileinstaller:profileinstaller:1.3.1] AndroidManifest.xml:30:17-85
247                android:value="androidx.startup" />
247-->[androidx.profileinstaller:profileinstaller:1.3.1] AndroidManifest.xml:31:17-49
248        </provider>
249
250        <uses-library
250-->[androidx.window:window:1.2.0] AndroidManifest.xml:23:9-25:40
251            android:name="androidx.window.extensions"
251-->[androidx.window:window:1.2.0] AndroidManifest.xml:24:13-54
252            android:required="false" />
252-->[androidx.window:window:1.2.0] AndroidManifest.xml:25:13-37
253        <uses-library
253-->[androidx.window:window:1.2.0] AndroidManifest.xml:26:9-28:40
254            android:name="androidx.window.sidecar"
254-->[androidx.window:window:1.2.0] AndroidManifest.xml:27:13-51
255            android:required="false" />
255-->[androidx.window:window:1.2.0] AndroidManifest.xml:28:13-37
256
257        <meta-data
257-->[com.google.android.gms:play-services-basement:18.3.0] AndroidManifest.xml:21:9-23:69
258            android:name="com.google.android.gms.version"
258-->[com.google.android.gms:play-services-basement:18.3.0] AndroidManifest.xml:22:13-58
259            android:value="@integer/google_play_services_version" />
259-->[com.google.android.gms:play-services-basement:18.3.0] AndroidManifest.xml:23:13-66
260
261        <receiver
261-->[androidx.profileinstaller:profileinstaller:1.3.1] AndroidManifest.xml:34:9-52:20
262            android:name="androidx.profileinstaller.ProfileInstallReceiver"
262-->[androidx.profileinstaller:profileinstaller:1.3.1] AndroidManifest.xml:35:13-76
263            android:directBootAware="false"
263-->[androidx.profileinstaller:profileinstaller:1.3.1] AndroidManifest.xml:36:13-44
264            android:enabled="true"
264-->[androidx.profileinstaller:profileinstaller:1.3.1] AndroidManifest.xml:37:13-35
265            android:exported="true"
265-->[androidx.profileinstaller:profileinstaller:1.3.1] AndroidManifest.xml:38:13-36
266            android:permission="android.permission.DUMP" >
266-->[androidx.profileinstaller:profileinstaller:1.3.1] AndroidManifest.xml:39:13-57
267            <intent-filter>
267-->[androidx.profileinstaller:profileinstaller:1.3.1] AndroidManifest.xml:40:13-42:29
268                <action android:name="androidx.profileinstaller.action.INSTALL_PROFILE" />
268-->[androidx.profileinstaller:profileinstaller:1.3.1] AndroidManifest.xml:41:17-91
268-->[androidx.profileinstaller:profileinstaller:1.3.1] AndroidManifest.xml:41:25-88
269            </intent-filter>
270            <intent-filter>
270-->[androidx.profileinstaller:profileinstaller:1.3.1] AndroidManifest.xml:43:13-45:29
271                <action android:name="androidx.profileinstaller.action.SKIP_FILE" />
271-->[androidx.profileinstaller:profileinstaller:1.3.1] AndroidManifest.xml:44:17-85
271-->[androidx.profileinstaller:profileinstaller:1.3.1] AndroidManifest.xml:44:25-82
272            </intent-filter>
273            <intent-filter>
273-->[androidx.profileinstaller:profileinstaller:1.3.1] AndroidManifest.xml:46:13-48:29
274                <action android:name="androidx.profileinstaller.action.SAVE_PROFILE" />
274-->[androidx.profileinstaller:profileinstaller:1.3.1] AndroidManifest.xml:47:17-88
274-->[androidx.profileinstaller:profileinstaller:1.3.1] AndroidManifest.xml:47:25-85
275            </intent-filter>
276            <intent-filter>
276-->[androidx.profileinstaller:profileinstaller:1.3.1] AndroidManifest.xml:49:13-51:29
277                <action android:name="androidx.profileinstaller.action.BENCHMARK_OPERATION" />
277-->[androidx.profileinstaller:profileinstaller:1.3.1] AndroidManifest.xml:50:17-95
277-->[androidx.profileinstaller:profileinstaller:1.3.1] AndroidManifest.xml:50:25-92
278            </intent-filter>
279        </receiver>
280
281        <service
281-->[com.google.android.datatransport:transport-backend-cct:3.1.9] AndroidManifest.xml:28:9-34:19
282            android:name="com.google.android.datatransport.runtime.backends.TransportBackendDiscovery"
282-->[com.google.android.datatransport:transport-backend-cct:3.1.9] AndroidManifest.xml:29:13-103
283            android:exported="false" >
283-->[com.google.android.datatransport:transport-backend-cct:3.1.9] AndroidManifest.xml:30:13-37
284            <meta-data
284-->[com.google.android.datatransport:transport-backend-cct:3.1.9] AndroidManifest.xml:31:13-33:39
285                android:name="backend:com.google.android.datatransport.cct.CctBackendFactory"
285-->[com.google.android.datatransport:transport-backend-cct:3.1.9] AndroidManifest.xml:32:17-94
286                android:value="cct" />
286-->[com.google.android.datatransport:transport-backend-cct:3.1.9] AndroidManifest.xml:33:17-36
287        </service>
288        <service
288-->[com.google.android.datatransport:transport-runtime:3.1.9] AndroidManifest.xml:26:9-30:19
289            android:name="com.google.android.datatransport.runtime.scheduling.jobscheduling.JobInfoSchedulerService"
289-->[com.google.android.datatransport:transport-runtime:3.1.9] AndroidManifest.xml:27:13-117
290            android:exported="false"
290-->[com.google.android.datatransport:transport-runtime:3.1.9] AndroidManifest.xml:28:13-37
291            android:permission="android.permission.BIND_JOB_SERVICE" >
291-->[com.google.android.datatransport:transport-runtime:3.1.9] AndroidManifest.xml:29:13-69
292        </service>
293
294        <receiver
294-->[com.google.android.datatransport:transport-runtime:3.1.9] AndroidManifest.xml:32:9-34:40
295            android:name="com.google.android.datatransport.runtime.scheduling.jobscheduling.AlarmManagerSchedulerBroadcastReceiver"